<?xml version="1.0" encoding="UTF-8"?>
<testng-results ignored="0" total="3" passed="3" failed="0" skipped="0">
  <reporter-output>
  </reporter-output>
  <suite started-at="2025-08-05T22:52:42 IST" name="Default suite" finished-at="2025-08-05T22:52:59 IST" duration-ms="16246">
    <groups>
    </groups>
    <test started-at="2025-08-05T22:52:42 IST" name="Default test" finished-at="2025-08-05T22:52:59 IST" duration-ms="16246">
      <class name="manukiranacademy.ExtendedReports.ExtentReportsDemo">
        <test-method is-config="true" signature="config()[pri:0, instance:manukiranacademy.ExtendedReports.ExtentReportsDemo@5542c4ed]" started-at="2025-08-05T22:52:42 IST" name="config" finished-at="2025-08-05T22:52:45 IST" duration-ms="2785" status="PASS">
          <reporter-output>
          </reporter-output>
        </test-method> <!-- config -->
        <test-method signature="initialDemo()[pri:0, instance:manukiranacademy.ExtendedReports.ExtentReportsDemo@5542c4ed]" started-at="2025-08-05T22:52:45 IST" name="initialDemo" finished-at="2025-08-05T22:52:50 IST" duration-ms="5171" status="PASS">
          <reporter-output>
          </reporter-output>
        </test-method> <!-- initialDemo -->
        <test-method signature="test1()[pri:0, instance:manukiranacademy.ExtendedReports.ExtentReportsDemo@5542c4ed]" started-at="2025-08-05T22:52:50 IST" name="test1" finished-at="2025-08-05T22:52:58 IST" duration-ms="7265" status="PASS">
          <reporter-output>
          </reporter-output>
        </test-method> <!-- test1 -->
        <test-method signature="test2()[pri:0, instance:manukiranacademy.ExtendedReports.ExtentReportsDemo@5542c4ed]" started-at="2025-08-05T22:52:58 IST" name="test2" finished-at="2025-08-05T22:52:58 IST" duration-ms="182" status="PASS">
          <reporter-output>
          </reporter-output>
        </test-method> <!-- test2 -->
        <test-method is-config="true" signature="tearDown()[pri:0, instance:manukiranacademy.ExtendedReports.ExtentReportsDemo@5542c4ed]" started-at="2025-08-05T22:52:58 IST" name="tearDown" finished-at="2025-08-05T22:52:59 IST" duration-ms="787" status="PASS">
          <reporter-output>
          </reporter-output>
        </test-method> <!-- tearDown -->
      </class> <!-- manukiranacademy.ExtendedReports.ExtentReportsDemo -->
    </test> <!-- Default test -->
  </suite> <!-- Default suite -->
</testng-results>
